This file contains any messages produced by compilers while
running configure, to aid debugging if configure makes a mistake.

It was created by configure, which was
generated by GNU Autoconf 2.59.  Invocation command line was

  $ ./configure 

## --------- ##
## Platform. ##
## --------- ##

hostname = mambo
uname -m = i386
uname -r = 10.3.0
uname -s = Darwin
uname -v = Darwin Kernel Version 10.3.0: Fri Feb 26 11:58:09 PST 2010; root:xnu-1504.3.12~1/RELEASE_I386

/usr/bin/uname -p = i386
/bin/uname -X     = unknown

/bin/arch              = unknown
/usr/bin/arch -k       = unknown
/usr/convex/getsysinfo = unknown
hostinfo               = Mach kernel version:
	 Darwin Kernel Version 10.3.0: Fri Feb 26 11:58:09 PST 2010; root:xnu-1504.3.12~1/RELEASE_I386
Kernel configured for up to 2 processors.
2 processors are physically available.
2 processors are logically available.
Processor type: i486 (Intel 80486)
Processors active: 0 1
Primary memory available: 8.00 gigabytes
Default processor set: 118 tasks, 493 threads, 2 processors
Load average: 0.95, Mach factor: 1.04
/bin/machine           = unknown
/usr/bin/oslevel       = unknown
/bin/universe          = unknown

PATH: /Library/Frameworks/Python.framework/Versions/Current/bin
PATH: /opt/local/bin
PATH: /opt/local/sbin
PATH: /opt/local/bin
PATH: /opt/local/sbin
PATH: /usr/bin
PATH: /bin
PATH: /usr/sbin
PATH: /sbin
PATH: /usr/local/bin
PATH: /usr/local/git/bin
PATH: /usr/texbin
PATH: /usr/X11/bin
PATH: /Users/histed/shared/bin


## ----------- ##
## Core tests. ##
## ----------- ##

configure:1539: checking for a BSD-compatible install
configure:1594: result: /usr/bin/install -c
configure:1605: checking whether build environment is sane
configure:1648: result: yes
configure:1713: checking for gawk
configure:1742: result: no
configure:1713: checking for mawk
configure:1742: result: no
configure:1713: checking for nawk
configure:1742: result: no
configure:1713: checking for awk
configure:1729: found /usr/bin/awk
configure:1739: result: awk
configure:1749: checking whether make sets $(MAKE)
configure:1769: result: yes
configure:1990: checking for gcc
configure:2006: found /usr/bin/gcc
configure:2016: result: gcc
configure:2260: checking for C compiler version
configure:2263: gcc --version </dev/null >&5
i686-apple-darwin10-gcc-4.2.1 (GCC) 4.2.1 (Apple Inc. build 5659)
Copyright (C) 2007 Free Software Foundation, Inc.
This is free software; see the source for copying conditions.  There is NO
warranty; not even for MERCHANTABILITY or FITNESS FOR A PARTICULAR PURPOSE.

configure:2266: $? = 0
configure:2268: gcc -v </dev/null >&5
Using built-in specs.
Target: i686-apple-darwin10
Configured with: /var/tmp/gcc/gcc-5659~1/src/configure --disable-checking --enable-werror --prefix=/usr --mandir=/share/man --enable-languages=c,objc,c++,obj-c++ --program-transform-name=/^[cg][^.-]*$/s/$/-4.2/ --with-slibdir=/usr/lib --build=i686-apple-darwin10 --program-prefix=i686-apple-darwin10- --host=x86_64-apple-darwin10 --target=i686-apple-darwin10 --with-gxx-include-dir=/include/c++/4.2.1
Thread model: posix
gcc version 4.2.1 (Apple Inc. build 5659)
configure:2271: $? = 0
configure:2273: gcc -V </dev/null >&5
gcc-4.2: argument to `-V' is missing
configure:2276: $? = 1
configure:2299: checking for C compiler default output file name
configure:2302: gcc    conftest.c  >&5
configure:2305: $? = 0
configure:2351: result: a.out
configure:2356: checking whether the C compiler works
configure:2362: ./a.out
configure:2365: $? = 0
configure:2382: result: yes
configure:2389: checking whether we are cross compiling
configure:2391: result: no
configure:2394: checking for suffix of executables
configure:2396: gcc -o conftest    conftest.c  >&5
configure:2399: $? = 0
configure:2424: result: 
configure:2430: checking for suffix of object files
configure:2451: gcc -c   conftest.c >&5
configure:2454: $? = 0
configure:2476: result: o
configure:2480: checking whether we are using the GNU C compiler
configure:2504: gcc -c   conftest.c >&5
configure:2510: $? = 0
configure:2514: test -z 
			 || test ! -s conftest.err
configure:2517: $? = 0
configure:2520: test -s conftest.o
configure:2523: $? = 0
configure:2536: result: yes
configure:2542: checking whether gcc accepts -g
configure:2563: gcc -c -g  conftest.c >&5
configure:2569: $? = 0
configure:2573: test -z 
			 || test ! -s conftest.err
configure:2576: $? = 0
configure:2579: test -s conftest.o
configure:2582: $? = 0
configure:2593: result: yes
configure:2610: checking for gcc option to accept ANSI C
configure:2680: gcc  -c -g -O2  conftest.c >&5
configure:2686: $? = 0
configure:2690: test -z 
			 || test ! -s conftest.err
configure:2693: $? = 0
configure:2696: test -s conftest.o
configure:2699: $? = 0
configure:2717: result: none needed
configure:2735: gcc -c -g -O2  conftest.c >&5
conftest.c:2: error: expected '=', ',', ';', 'asm' or '__attribute__' before 'me'
configure:2741: $? = 1
configure: failed program was:
| #ifndef __cplusplus
|   choke me
| #endif
configure:2885: checking for style of include used by make
configure:2913: result: GNU
configure:2941: checking dependency style of gcc
configure:3031: result: gcc3
configure:3126: checking build system type
configure:3144: result: i686-apple-darwin10.3.0
configure:3152: checking host system type
configure:3166: result: i686-apple-darwin10.3.0
configure:3174: checking for a sed that does not truncate output
configure:3228: result: /usr/bin/sed
configure:3231: checking for egrep
configure:3241: result: grep -E
configure:3257: checking for ld used by gcc
configure:3324: result: /usr/libexec/gcc/i686-apple-darwin10/4.2.1/ld
configure:3333: checking if the linker (/usr/libexec/gcc/i686-apple-darwin10/4.2.1/ld) is GNU ld
configure:3348: result: no
configure:3353: checking for /usr/libexec/gcc/i686-apple-darwin10/4.2.1/ld option to reload object files
configure:3360: result: -r
configure:3378: checking for BSD-compatible nm
configure:3427: result: /usr/bin/nm
configure:3431: checking whether ln -s works
configure:3435: result: yes
configure:3442: checking how to recognise dependent libraries
configure:3618: result: pass_all
configure:3855: checking how to run the C preprocessor
configure:3890: gcc -E  conftest.c
configure:3896: $? = 0
configure:3928: gcc -E  conftest.c
conftest.c:11:28: error: ac_nonexistent.h: No such file or directory
configure:3934: $? = 1
configure: failed program was:
| /* confdefs.h.  */
| 
| #define PACKAGE_NAME ""
| #define PACKAGE_TARNAME ""
| #define PACKAGE_VERSION ""
| #define PACKAGE_STRING ""
| #define PACKAGE_BUGREPORT ""
| #define PACKAGE "gabord"
| #define VERSION "0.1"
| /* end confdefs.h.  */
| #include <ac_nonexistent.h>
configure:3973: result: gcc -E
configure:3997: gcc -E  conftest.c
configure:4003: $? = 0
configure:4035: gcc -E  conftest.c
conftest.c:11:28: error: ac_nonexistent.h: No such file or directory
configure:4041: $? = 1
configure: failed program was:
| /* confdefs.h.  */
| 
| #define PACKAGE_NAME ""
| #define PACKAGE_TARNAME ""
| #define PACKAGE_VERSION ""
| #define PACKAGE_STRING ""
| #define PACKAGE_BUGREPORT ""
| #define PACKAGE "gabord"
| #define VERSION "0.1"
| /* end confdefs.h.  */
| #include <ac_nonexistent.h>
configure:4085: checking for ANSI C header files
configure:4110: gcc -c -g -O2  conftest.c >&5
configure:4116: $? = 0
configure:4120: test -z 
			 || test ! -s conftest.err
configure:4123: $? = 0
configure:4126: test -s conftest.o
configure:4129: $? = 0
configure:4218: gcc -o conftest -g -O2   conftest.c  >&5
conftest.c: In function 'main':
conftest.c:28: warning: incompatible implicit declaration of built-in function 'exit'
configure:4221: $? = 0
configure:4223: ./conftest
configure:4226: $? = 0
configure:4241: result: yes
configure:4265: checking for sys/types.h
configure:4281: gcc -c -g -O2  conftest.c >&5
configure:4287: $? = 0
configure:4291: test -z 
			 || test ! -s conftest.err
configure:4294: $? = 0
configure:4297: test -s conftest.o
configure:4300: $? = 0
configure:4311: result: yes
configure:4265: checking for sys/stat.h
configure:4281: gcc -c -g -O2  conftest.c >&5
configure:4287: $? = 0
configure:4291: test -z 
			 || test ! -s conftest.err
configure:4294: $? = 0
configure:4297: test -s conftest.o
configure:4300: $? = 0
configure:4311: result: yes
configure:4265: checking for stdlib.h
configure:4281: gcc -c -g -O2  conftest.c >&5
configure:4287: $? = 0
configure:4291: test -z 
			 || test ! -s conftest.err
configure:4294: $? = 0
configure:4297: test -s conftest.o
configure:4300: $? = 0
configure:4311: result: yes
configure:4265: checking for string.h
configure:4281: gcc -c -g -O2  conftest.c >&5
configure:4287: $? = 0
configure:4291: test -z 
			 || test ! -s conftest.err
configure:4294: $? = 0
configure:4297: test -s conftest.o
configure:4300: $? = 0
configure:4311: result: yes
configure:4265: checking for memory.h
configure:4281: gcc -c -g -O2  conftest.c >&5
configure:4287: $? = 0
configure:4291: test -z 
			 || test ! -s conftest.err
configure:4294: $? = 0
configure:4297: test -s conftest.o
configure:4300: $? = 0
configure:4311: result: yes
configure:4265: checking for strings.h
configure:4281: gcc -c -g -O2  conftest.c >&5
configure:4287: $? = 0
configure:4291: test -z 
			 || test ! -s conftest.err
configure:4294: $? = 0
configure:4297: test -s conftest.o
configure:4300: $? = 0
configure:4311: result: yes
configure:4265: checking for inttypes.h
configure:4281: gcc -c -g -O2  conftest.c >&5
configure:4287: $? = 0
configure:4291: test -z 
			 || test ! -s conftest.err
configure:4294: $? = 0
configure:4297: test -s conftest.o
configure:4300: $? = 0
configure:4311: result: yes
configure:4265: checking for stdint.h
configure:4281: gcc -c -g -O2  conftest.c >&5
configure:4287: $? = 0
configure:4291: test -z 
			 || test ! -s conftest.err
configure:4294: $? = 0
configure:4297: test -s conftest.o
configure:4300: $? = 0
configure:4311: result: yes
configure:4265: checking for unistd.h
configure:4281: gcc -c -g -O2  conftest.c >&5
configure:4287: $? = 0
configure:4291: test -z 
			 || test ! -s conftest.err
configure:4294: $? = 0
configure:4297: test -s conftest.o
configure:4300: $? = 0
configure:4311: result: yes
configure:4337: checking dlfcn.h usability
configure:4349: gcc -c -g -O2  conftest.c >&5
configure:4355: $? = 0
configure:4359: test -z 
			 || test ! -s conftest.err
configure:4362: $? = 0
configure:4365: test -s conftest.o
configure:4368: $? = 0
configure:4378: result: yes
configure:4382: checking dlfcn.h presence
configure:4392: gcc -E  conftest.c
configure:4398: $? = 0
configure:4418: result: yes
configure:4453: checking for dlfcn.h
configure:4460: result: yes
configure:4525: checking for g++
configure:4541: found /usr/bin/g++
configure:4551: result: g++
configure:4567: checking for C++ compiler version
configure:4570: g++ --version </dev/null >&5
i686-apple-darwin10-g++-4.2.1 (GCC) 4.2.1 (Apple Inc. build 5659)
Copyright (C) 2007 Free Software Foundation, Inc.
This is free software; see the source for copying conditions.  There is NO
warranty; not even for MERCHANTABILITY or FITNESS FOR A PARTICULAR PURPOSE.

configure:4573: $? = 0
configure:4575: g++ -v </dev/null >&5
Using built-in specs.
Target: i686-apple-darwin10
Configured with: /var/tmp/gcc/gcc-5659~1/src/configure --disable-checking --enable-werror --prefix=/usr --mandir=/share/man --enable-languages=c,objc,c++,obj-c++ --program-transform-name=/^[cg][^.-]*$/s/$/-4.2/ --with-slibdir=/usr/lib --build=i686-apple-darwin10 --program-prefix=i686-apple-darwin10- --host=x86_64-apple-darwin10 --target=i686-apple-darwin10 --with-gxx-include-dir=/include/c++/4.2.1
Thread model: posix
gcc version 4.2.1 (Apple Inc. build 5659)
configure:4578: $? = 0
configure:4580: g++ -V </dev/null >&5
g++-4.2: argument to `-V' is missing
configure:4583: $? = 1
configure:4586: checking whether we are using the GNU C++ compiler
configure:4610: g++ -c   conftest.cc >&5
configure:4616: $? = 0
configure:4620: test -z 
			 || test ! -s conftest.err
configure:4623: $? = 0
configure:4626: test -s conftest.o
configure:4629: $? = 0
configure:4642: result: yes
configure:4648: checking whether g++ accepts -g
configure:4669: g++ -c -g  conftest.cc >&5
configure:4675: $? = 0
configure:4679: test -z 
			 || test ! -s conftest.err
configure:4682: $? = 0
configure:4685: test -s conftest.o
configure:4688: $? = 0
configure:4699: result: yes
configure:4741: g++ -c -g -O2  conftest.cc >&5
configure:4747: $? = 0
configure:4751: test -z 
			 || test ! -s conftest.err
configure:4754: $? = 0
configure:4757: test -s conftest.o
configure:4760: $? = 0
configure:4786: g++ -c -g -O2  conftest.cc >&5
conftest.cc: In function 'int main()':
conftest.cc:26: error: 'exit' was not declared in this scope
configure:4792: $? = 1
configure: failed program was:
| /* confdefs.h.  */
| 
| #define PACKAGE_NAME ""
| #define PACKAGE_TARNAME ""
| #define PACKAGE_VERSION ""
| #define PACKAGE_STRING ""
| #define PACKAGE_BUGREPORT ""
| #define PACKAGE "gabord"
| #define VERSION "0.1"
| #define STDC_HEADERS 1
| #define HAVE_SYS_TYPES_H 1
| #define HAVE_SYS_STAT_H 1
| #define HAVE_STDLIB_H 1
| #define HAVE_STRING_H 1
| #define HAVE_MEMORY_H 1
| #define HAVE_STRINGS_H 1
| #define HAVE_INTTYPES_H 1
| #define HAVE_STDINT_H 1
| #define HAVE_UNISTD_H 1
| #define HAVE_DLFCN_H 1
| /* end confdefs.h.  */
| 
| int
| main ()
| {
| exit (42);
|   ;
|   return 0;
| }
configure:4741: g++ -c -g -O2  conftest.cc >&5
conftest.cc:22: error: 'void std::exit(int)' should have been declared inside 'std'
In file included from conftest.cc:23:
/usr/include/stdlib.h:159: error: declaration of 'void std::exit(int)' throws different exceptions
conftest.cc:22: error: from previous declaration 'void std::exit(int) throw ()'
configure:4747: $? = 1
configure: failed program was:
| /* confdefs.h.  */
| 
| #define PACKAGE_NAME ""
| #define PACKAGE_TARNAME ""
| #define PACKAGE_VERSION ""
| #define PACKAGE_STRING ""
| #define PACKAGE_BUGREPORT ""
| #define PACKAGE "gabord"
| #define VERSION "0.1"
| #define STDC_HEADERS 1
| #define HAVE_SYS_TYPES_H 1
| #define HAVE_SYS_STAT_H 1
| #define HAVE_STDLIB_H 1
| #define HAVE_STRING_H 1
| #define HAVE_MEMORY_H 1
| #define HAVE_STRINGS_H 1
| #define HAVE_INTTYPES_H 1
| #define HAVE_STDINT_H 1
| #define HAVE_UNISTD_H 1
| #define HAVE_DLFCN_H 1
| /* end confdefs.h.  */
| extern "C" void std::exit (int) throw (); using std::exit;
| #include <stdlib.h>
| int
| main ()
| {
| exit (42);
|   ;
|   return 0;
| }
configure:4741: g++ -c -g -O2  conftest.cc >&5
conftest.cc:22: error: 'void std::exit(int)' should have been declared inside 'std'
configure:4747: $? = 1
configure: failed program was:
| /* confdefs.h.  */
| 
| #define PACKAGE_NAME ""
| #define PACKAGE_TARNAME ""
| #define PACKAGE_VERSION ""
| #define PACKAGE_STRING ""
| #define PACKAGE_BUGREPORT ""
| #define PACKAGE "gabord"
| #define VERSION "0.1"
| #define STDC_HEADERS 1
| #define HAVE_SYS_TYPES_H 1
| #define HAVE_SYS_STAT_H 1
| #define HAVE_STDLIB_H 1
| #define HAVE_STRING_H 1
| #define HAVE_MEMORY_H 1
| #define HAVE_STRINGS_H 1
| #define HAVE_INTTYPES_H 1
| #define HAVE_STDINT_H 1
| #define HAVE_UNISTD_H 1
| #define HAVE_DLFCN_H 1
| /* end confdefs.h.  */
| extern "C" void std::exit (int); using std::exit;
| #include <stdlib.h>
| int
| main ()
| {
| exit (42);
|   ;
|   return 0;
| }
configure:4741: g++ -c -g -O2  conftest.cc >&5
In file included from conftest.cc:23:
/usr/include/stdlib.h:159: error: declaration of 'void exit(int)' throws different exceptions
conftest.cc:22: error: from previous declaration 'void exit(int) throw ()'
configure:4747: $? = 1
configure: failed program was:
| /* confdefs.h.  */
| 
| #define PACKAGE_NAME ""
| #define PACKAGE_TARNAME ""
| #define PACKAGE_VERSION ""
| #define PACKAGE_STRING ""
| #define PACKAGE_BUGREPORT ""
| #define PACKAGE "gabord"
| #define VERSION "0.1"
| #define STDC_HEADERS 1
| #define HAVE_SYS_TYPES_H 1
| #define HAVE_SYS_STAT_H 1
| #define HAVE_STDLIB_H 1
| #define HAVE_STRING_H 1
| #define HAVE_MEMORY_H 1
| #define HAVE_STRINGS_H 1
| #define HAVE_INTTYPES_H 1
| #define HAVE_STDINT_H 1
| #define HAVE_UNISTD_H 1
| #define HAVE_DLFCN_H 1
| /* end confdefs.h.  */
| extern "C" void exit (int) throw ();
| #include <stdlib.h>
| int
| main ()
| {
| exit (42);
|   ;
|   return 0;
| }
configure:4741: g++ -c -g -O2  conftest.cc >&5
configure:4747: $? = 0
configure:4751: test -z 
			 || test ! -s conftest.err
configure:4754: $? = 0
configure:4757: test -s conftest.o
configure:4760: $? = 0
configure:4786: g++ -c -g -O2  conftest.cc >&5
configure:4792: $? = 0
configure:4796: test -z 
			 || test ! -s conftest.err
configure:4799: $? = 0
configure:4802: test -s conftest.o
configure:4805: $? = 0
configure:4830: checking dependency style of g++
configure:4920: result: gcc3
configure:4947: checking how to run the C++ preprocessor
configure:4978: g++ -E  conftest.cc
configure:4984: $? = 0
configure:5016: g++ -E  conftest.cc
conftest.cc:25:28: error: ac_nonexistent.h: No such file or directory
configure:5022: $? = 1
configure: failed program was:
| /* confdefs.h.  */
| 
| #define PACKAGE_NAME ""
| #define PACKAGE_TARNAME ""
| #define PACKAGE_VERSION ""
| #define PACKAGE_STRING ""
| #define PACKAGE_BUGREPORT ""
| #define PACKAGE "gabord"
| #define VERSION "0.1"
| #define STDC_HEADERS 1
| #define HAVE_SYS_TYPES_H 1
| #define HAVE_SYS_STAT_H 1
| #define HAVE_STDLIB_H 1
| #define HAVE_STRING_H 1
| #define HAVE_MEMORY_H 1
| #define HAVE_STRINGS_H 1
| #define HAVE_INTTYPES_H 1
| #define HAVE_STDINT_H 1
| #define HAVE_UNISTD_H 1
| #define HAVE_DLFCN_H 1
| #ifdef __cplusplus
| extern "C" void exit (int);
| #endif
| /* end confdefs.h.  */
| #include <ac_nonexistent.h>
configure:5061: result: g++ -E
configure:5085: g++ -E  conftest.cc
configure:5091: $? = 0
configure:5123: g++ -E  conftest.cc
conftest.cc:25:28: error: ac_nonexistent.h: No such file or directory
configure:5129: $? = 1
configure: failed program was:
| /* confdefs.h.  */
| 
| #define PACKAGE_NAME ""
| #define PACKAGE_TARNAME ""
| #define PACKAGE_VERSION ""
| #define PACKAGE_STRING ""
| #define PACKAGE_BUGREPORT ""
| #define PACKAGE "gabord"
| #define VERSION "0.1"
| #define STDC_HEADERS 1
| #define HAVE_SYS_TYPES_H 1
| #define HAVE_SYS_STAT_H 1
| #define HAVE_STDLIB_H 1
| #define HAVE_STRING_H 1
| #define HAVE_MEMORY_H 1
| #define HAVE_STRINGS_H 1
| #define HAVE_INTTYPES_H 1
| #define HAVE_STDINT_H 1
| #define HAVE_UNISTD_H 1
| #define HAVE_DLFCN_H 1
| #ifdef __cplusplus
| extern "C" void exit (int);
| #endif
| /* end confdefs.h.  */
| #include <ac_nonexistent.h>
configure:5226: checking for g77
configure:5255: result: no
configure:5226: checking for f77
configure:5255: result: no
configure:5226: checking for xlf
configure:5255: result: no
configure:5226: checking for frt
configure:5255: result: no
configure:5226: checking for pgf77
configure:5255: result: no
configure:5226: checking for fort77
configure:5255: result: no
configure:5226: checking for fl32
configure:5255: result: no
configure:5226: checking for af77
configure:5255: result: no
configure:5226: checking for f90
configure:5255: result: no
configure:5226: checking for xlf90
configure:5255: result: no
configure:5226: checking for pgf90
configure:5255: result: no
configure:5226: checking for epcf90
configure:5255: result: no
configure:5226: checking for f95
configure:5255: result: no
configure:5226: checking for fort
configure:5255: result: no
configure:5226: checking for xlf95
configure:5255: result: no
configure:5226: checking for ifc
configure:5255: result: no
configure:5226: checking for efc
configure:5255: result: no
configure:5226: checking for pgf95
configure:5255: result: no
configure:5226: checking for lf95
configure:5255: result: no
configure:5226: checking for gfortran
configure:5255: result: no
configure:5267: checking for Fortran 77 compiler version
configure:5270:  --version </dev/null >&5
./configure: line 5271: --version: command not found
configure:5273: $? = 127
configure:5275:  -v </dev/null >&5
./configure: line 5276: -v: command not found
configure:5278: $? = 127
configure:5280:  -V </dev/null >&5
./configure: line 5281: -V: command not found
configure:5283: $? = 127
configure:5291: checking whether we are using the GNU Fortran 77 compiler
configure:5305:  -c  conftest.F >&5
./configure: line 5306: -c: command not found
configure:5311: $? = 127
configure: failed program was:
|       program main
| #ifndef __GNUC__
|        choke me
| #endif
| 
|       end
configure:5337: result: no
configure:5343: checking whether  accepts -g
configure:5355:  -c -g conftest.f >&5
./configure: line 5356: -c: command not found
configure:5361: $? = 127
configure: failed program was:
|       program main
| 
|       end
configure:5386: result: no
configure:5416: checking the maximum length of command line arguments
configure:5525: result: 196608
configure:5536: checking command to parse /usr/bin/nm output from gcc object
configure:5641: gcc -c -g -O2  conftest.c >&5
configure:5644: $? = 0
configure:5648: /usr/bin/nm conftest.o \| sed -n -e 's/^.*[ 	]\([BCDEGRST][BCDEGRST]*\)[ 	][ 	]*\([_A-Za-z][_A-Za-z0-9]*\)$/\1 \2 \2/p' \> conftest.nm
configure:5651: $? = 0
cannot find nm_test_var in conftest.nm
configure:5641: gcc -c -g -O2  conftest.c >&5
configure:5644: $? = 0
configure:5648: /usr/bin/nm conftest.o \| sed -n -e 's/^.*[ 	]\([BCDEGRST][BCDEGRST]*\)[ 	][ 	]*_\([_A-Za-z][_A-Za-z0-9]*\)$/\1 _\2 \2/p' \> conftest.nm
configure:5651: $? = 0
configure:5703: gcc -o conftest -g -O2   conftest.c conftstm.o >&5
configure:5706: $? = 0
configure:5744: result: ok
configure:5748: checking for objdir
configure:5763: result: .libs
configure:5853: checking for ar
configure:5869: found /usr/bin/ar
configure:5880: result: ar
configure:5933: checking for ranlib
configure:5949: found /usr/bin/ranlib
configure:5960: result: ranlib
configure:6013: checking for strip
configure:6029: found /usr/bin/strip
configure:6040: result: strip
configure:6312: checking if gcc supports -fno-rtti -fno-exceptions
configure:6330: gcc -c -g -O2  -fno-rtti -fno-exceptions conftest.c >&5
cc1: warning: command line option "-fno-rtti" is valid for C++/ObjC++ but not for C
configure:6334: $? = 0
configure:6347: result: no
configure:6362: checking for gcc option to produce PIC
configure:6572: result: -fno-common
configure:6580: checking if gcc PIC flag -fno-common works
configure:6598: gcc -c -g -O2  -fno-common -DPIC conftest.c >&5
configure:6602: $? = 0
configure:6615: result: yes
configure:6643: checking if gcc static flag -static works
configure:6671: result: no
configure:6681: checking if gcc supports -c -o file.o
configure:6702: gcc -c -g -O2  -o out/conftest2.o conftest.c >&5
configure:6706: $? = 0
configure:6728: result: yes
configure:6754: checking whether the gcc linker (/usr/libexec/gcc/i686-apple-darwin10/4.2.1/ld) supports shared libraries
configure:7712: result: yes
configure:7779: checking dynamic linker characteristics
configure:8367: result: darwin10.3.0 dyld
configure:8376: checking how to hardcode library paths into programs
configure:8401: result: immediate
configure:8415: checking whether stripping libraries is possible
configure:8428: result: yes
configure:9254: checking if libtool supports shared libraries
configure:9256: result: yes
configure:9259: checking whether to build shared libraries
configure:9280: result: yes
configure:9283: checking whether to build static libraries
configure:9287: result: yes
configure:9379: creating libtool
configure:9967: checking for ld used by g++
configure:10034: result: /usr/libexec/gcc/i686-apple-darwin10/4.2.1/ld
configure:10043: checking if the linker (/usr/libexec/gcc/i686-apple-darwin10/4.2.1/ld) is GNU ld
configure:10058: result: no
configure:10109: checking whether the g++ linker (/usr/libexec/gcc/i686-apple-darwin10/4.2.1/ld) supports shared libraries
configure:11047: result: yes
configure:11065: g++ -c -g -O2  conftest.cpp >&5
configure:11068: $? = 0
configure:11187: checking for g++ option to produce PIC
configure:11461: result: -fno-common
configure:11469: checking if g++ PIC flag -fno-common works
configure:11487: g++ -c -g -O2  -fno-common -DPIC conftest.cpp >&5
configure:11491: $? = 0
configure:11504: result: yes
configure:11532: checking if g++ static flag -static works
configure:11560: result: no
configure:11570: checking if g++ supports -c -o file.o
configure:11591: g++ -c -g -O2  -o out/conftest2.o conftest.cpp >&5
configure:11595: $? = 0
configure:11617: result: yes
configure:11643: checking whether the g++ linker (/usr/libexec/gcc/i686-apple-darwin10/4.2.1/ld) supports shared libraries
configure:11668: result: yes
configure:11735: checking dynamic linker characteristics
configure:12323: result: darwin10.3.0 dyld
configure:12332: checking how to hardcode library paths into programs
configure:12357: result: immediate
configure:18625: creating ./config.status

## ---------------------- ##
## Running config.status. ##
## ---------------------- ##

This file was extended by config.status, which was
generated by GNU Autoconf 2.59.  Invocation command line was

  CONFIG_FILES    = 
  CONFIG_HEADERS  = 
  CONFIG_LINKS    = 
  CONFIG_COMMANDS = 
  $ ./config.status 

on mambo

config.status:716: creating Makefile
config.status:716: creating src/Makefile
config.status:716: creating src/libdata_io/Makefile
config.status:820: creating config.h
config.status:1108: executing depfiles commands

## ---------------- ##
## Cache variables. ##
## ---------------- ##

ac_cv_build=i686-apple-darwin10.3.0
ac_cv_build_alias=i686-apple-darwin10.3.0
ac_cv_c_compiler_gnu=yes
ac_cv_cxx_compiler_gnu=yes
ac_cv_env_CC_set=
ac_cv_env_CC_value=
ac_cv_env_CFLAGS_set=
ac_cv_env_CFLAGS_value=
ac_cv_env_CPPFLAGS_set=
ac_cv_env_CPPFLAGS_value=
ac_cv_env_CPP_set=
ac_cv_env_CPP_value=
ac_cv_env_CXXCPP_set=
ac_cv_env_CXXCPP_value=
ac_cv_env_CXXFLAGS_set=
ac_cv_env_CXXFLAGS_value=
ac_cv_env_CXX_set=
ac_cv_env_CXX_value=
ac_cv_env_F77_set=
ac_cv_env_F77_value=
ac_cv_env_FFLAGS_set=
ac_cv_env_FFLAGS_value=
ac_cv_env_LDFLAGS_set=
ac_cv_env_LDFLAGS_value=
ac_cv_env_build_alias_set=
ac_cv_env_build_alias_value=
ac_cv_env_host_alias_set=
ac_cv_env_host_alias_value=
ac_cv_env_target_alias_set=
ac_cv_env_target_alias_value=
ac_cv_exeext=
ac_cv_f77_compiler_gnu=no
ac_cv_header_dlfcn_h=yes
ac_cv_header_inttypes_h=yes
ac_cv_header_memory_h=yes
ac_cv_header_stdc=yes
ac_cv_header_stdint_h=yes
ac_cv_header_stdlib_h=yes
ac_cv_header_string_h=yes
ac_cv_header_strings_h=yes
ac_cv_header_sys_stat_h=yes
ac_cv_header_sys_types_h=yes
ac_cv_header_unistd_h=yes
ac_cv_host=i686-apple-darwin10.3.0
ac_cv_host_alias=i686-apple-darwin10.3.0
ac_cv_objext=o
ac_cv_path_install='/usr/bin/install -c'
ac_cv_prog_AWK=awk
ac_cv_prog_CPP='gcc -E'
ac_cv_prog_CXXCPP='g++ -E'
ac_cv_prog_ac_ct_AR=ar
ac_cv_prog_ac_ct_CC=gcc
ac_cv_prog_ac_ct_CXX=g++
ac_cv_prog_ac_ct_RANLIB=ranlib
ac_cv_prog_ac_ct_STRIP=strip
ac_cv_prog_cc_g=yes
ac_cv_prog_cc_stdc=
ac_cv_prog_cxx_g=yes
ac_cv_prog_egrep='grep -E'
ac_cv_prog_f77_g=no
ac_cv_prog_make_make_set=yes
am_cv_CC_dependencies_compiler_type=gcc3
am_cv_CXX_dependencies_compiler_type=gcc3
lt_cv_deplibs_check_method=pass_all
lt_cv_file_magic_cmd='$MAGIC_CMD'
lt_cv_file_magic_test_file=
lt_cv_ld_reload_flag=-r
lt_cv_objdir=.libs
lt_cv_path_LD=/usr/libexec/gcc/i686-apple-darwin10/4.2.1/ld
lt_cv_path_LDCXX=/usr/libexec/gcc/i686-apple-darwin10/4.2.1/ld
lt_cv_path_NM=/usr/bin/nm
lt_cv_path_SED=/usr/bin/sed
lt_cv_prog_compiler_c_o=yes
lt_cv_prog_compiler_c_o_CXX=yes
lt_cv_prog_compiler_rtti_exceptions=no
lt_cv_prog_gnu_ld=no
lt_cv_prog_gnu_ldcxx=no
lt_cv_sys_global_symbol_pipe='sed -n -e '\''s/^.*[ 	]\([BCDEGRST][BCDEGRST]*\)[ 	][ 	]*_\([_A-Za-z][_A-Za-z0-9]*\)$/\1 _\2 \2/p'\'''
lt_cv_sys_global_symbol_to_c_name_address='sed -n -e '\''s/^: \([^ ]*\) $/  {\"\1\", (lt_ptr) 0},/p'\'' -e '\''s/^[BCDEGRST] \([^ ]*\) \([^ ]*\)$/  {"\2", (lt_ptr) \&\2},/p'\'''
lt_cv_sys_global_symbol_to_cdecl='sed -n -e '\''s/^. .* \(.*\)$/extern int \1;/p'\'''
lt_cv_sys_max_cmd_len=196608
lt_lt_cv_prog_compiler_c_o='"yes"'
lt_lt_cv_prog_compiler_c_o_CXX='"yes"'
lt_lt_cv_sys_global_symbol_pipe='"sed -n -e '\''s/^.*[ 	]\\([BCDEGRST][BCDEGRST]*\\)[ 	][ 	]*_\\([_A-Za-z][_A-Za-z0-9]*\\)\$/\\1 _\\2 \\2/p'\''"'
lt_lt_cv_sys_global_symbol_to_c_name_address='"sed -n -e '\''s/^: \\([^ ]*\\) \$/  {\\\"\\1\\\", (lt_ptr) 0},/p'\'' -e '\''s/^[BCDEGRST] \\([^ ]*\\) \\([^ ]*\\)\$/  {\"\\2\", (lt_ptr) \\&\\2},/p'\''"'
lt_lt_cv_sys_global_symbol_to_cdecl='"sed -n -e '\''s/^. .* \\(.*\\)\$/extern int \\1;/p'\''"'

## ----------------- ##
## Output variables. ##
## ----------------- ##

ACLOCAL='${SHELL} /Users/histed/src/matching-pursuit-work/MP/gabord-0.1/missing --run aclocal-1.9'
AMDEPBACKSLASH='\'
AMDEP_FALSE='#'
AMDEP_TRUE=''
AMTAR='${SHELL} /Users/histed/src/matching-pursuit-work/MP/gabord-0.1/missing --run tar'
AR='ar'
AUTOCONF='${SHELL} /Users/histed/src/matching-pursuit-work/MP/gabord-0.1/missing --run autoconf'
AUTOHEADER='${SHELL} /Users/histed/src/matching-pursuit-work/MP/gabord-0.1/missing --run autoheader'
AUTOMAKE='${SHELL} /Users/histed/src/matching-pursuit-work/MP/gabord-0.1/missing --run automake-1.9'
AWK='awk'
CC='gcc'
CCDEPMODE='depmode=gcc3'
CFLAGS='-g -O2'
CPP='gcc -E'
CPPFLAGS=''
CXX='g++'
CXXCPP='g++ -E'
CXXDEPMODE='depmode=gcc3'
CXXFLAGS='-g -O2'
CYGPATH_W='echo'
DEFS='-DHAVE_CONFIG_H'
DEPDIR='.deps'
ECHO='/bin/echo'
ECHO_C='ECHO_N=''
ECHO_T=''
EGREP='grep -E'
EXEEXT=''
F77=''
FFLAGS=''
INSTALL_DATA='${INSTALL} -m 644'
INSTALL_PROGRAM='${INSTALL}'
INSTALL_SCRIPT='${INSTALL}'
INSTALL_STRIP_PROGRAM='${SHELL} $(install_sh) -c -s'
LDFLAGS=''
LIBOBJS=''
LIBS=''
LIBTOOL='$(SHELL) $(top_builddir)/libtool'
LN_S='ln -s'
LTLIBOBJS=''
MAKEINFO='${SHELL} /Users/histed/src/matching-pursuit-work/MP/gabord-0.1/missing --run makeinfo'
OBJEXT='o'
PACKAGE='gabord'
PACKAGE_BUGREPORT=''
PACKAGE_NAME=''
PACKAGE_STRING=''
PACKAGE_TARNAME=''
PACKAGE_VERSION=''
PATH_SEPARATOR=':'
RANLIB='ranlib'
SET_MAKE=''
SHELL='/bin/sh'
STRIP='strip'
VERSION='0.1'
ac_ct_AR='ar'
ac_ct_CC='gcc'
ac_ct_CXX='g++'
ac_ct_F77=''
ac_ct_RANLIB='ranlib'
ac_ct_STRIP='strip'
am__fastdepCC_FALSE='#'
am__fastdepCC_TRUE=''
am__fastdepCXX_FALSE='#'
am__fastdepCXX_TRUE=''
am__include='include'
am__leading_dot='.'
am__quote=''
am__tar='${AMTAR} chof - "$$tardir"'
am__untar='${AMTAR} xf -'
bindir='${exec_prefix}/bin'
build='i686-apple-darwin10.3.0'
build_alias=''
build_cpu='i686'
build_os='darwin10.3.0'
build_vendor='apple'
datadir='${prefix}/share'
exec_prefix='${prefix}'
host='i686-apple-darwin10.3.0'
host_alias=''
host_cpu='i686'
host_os='darwin10.3.0'
host_vendor='apple'
includedir='${prefix}/include'
infodir='${prefix}/info'
install_sh='/Users/histed/src/matching-pursuit-work/MP/gabord-0.1/install-sh'
libdir='${exec_prefix}/lib'
libexecdir='${exec_prefix}/libexec'
localstatedir='${prefix}/var'
mandir='${prefix}/man'
mkdir_p='$(mkinstalldirs)'
oldincludedir='/usr/include'
prefix='/usr/local'
program_transform_name='s,x,x,'
sbindir='${exec_prefix}/sbin'
sharedstatedir='${prefix}/com'
sysconfdir='${prefix}/etc'
target_alias=''

## ----------- ##
## confdefs.h. ##
## ----------- ##

#define HAVE_DLFCN_H 1
#define HAVE_INTTYPES_H 1
#define HAVE_MEMORY_H 1
#define HAVE_STDINT_H 1
#define HAVE_STDLIB_H 1
#define HAVE_STRINGS_H 1
#define HAVE_STRING_H 1
#define HAVE_SYS_STAT_H 1
#define HAVE_SYS_TYPES_H 1
#define HAVE_UNISTD_H 1
#define PACKAGE "gabord"
#define PACKAGE_BUGREPORT ""
#define PACKAGE_NAME ""
#define PACKAGE_STRING ""
#define PACKAGE_TARNAME ""
#define PACKAGE_VERSION ""
#define STDC_HEADERS 1
#define VERSION "0.1"
#endif
#ifdef __cplusplus
extern "C" void exit (int);

configure: exit 0
